|j|☆Trevelion
|j|☆affksl1
|t:|1718052088
|gametype|singles
|player|p1|Trevelion|steven|1393
|player|p2|affksl1|pokemaniac-gen3rs|1452
|teamsize|p1|6
|teamsize|p2|6
|gen|5
|tier|[Gen 5] OU
|rated|
|rule|Species Clause: Limit one of each Pokémon
|rule|OHKO Clause: OHKO moves are banned
|rule|Moody Clause: Moody is banned
|rule|Evasion Items Clause: Evasion items are banned
|rule|Evasion Moves Clause: Evasion moves are banned
|rule|Endless Battle Clause: Forcing endless battles is banned
|rule|HP Percentage Mod: HP is shown in percentages
|rule|Evasion Abilities Clause: Evasion abilities are banned
|rule|Sleep Moves Clause: Sleep-inducing moves are banned
|rule|Swagger Clause: Swagger is banned
|rule|Baton Pass Stat Clause: No Baton Passer may have a way to boost its stats
|clearpoke
|poke|p1|Garchomp, F|item
|poke|p1|Terrakion|item
|poke|p1|Starmie|item
|poke|p1|Dragonite, M|item
|poke|p1|Scizor, M|item
|poke|p1|Breloom, M|item
|poke|p2|Bronzong|item
|poke|p2|Gallade, M|item
|poke|p2|Jellicent, M|item
|poke|p2|Conkeldurr, F|item
|poke|p2|Reuniclus, M|item
|poke|p2|Dragonite, M|item
|teampreview
|inactive|Battle timer is ON: inactive players will automatically lose when time's up. (requested by affksl1)
|inactive|Trevelion also wants the timer to be on.
|
|t:|1718052091
|start
|switch|p1a: Terrakion|Terrakion|100/100
|switch|p2a: Bronzong|Bronzong|100/100
|turn|1
|
|t:|1718052116
|move|p1a: Terrakion|Taunt|p2a: Bronzong
|-start|p2a: Bronzong|move: Taunt
|-enditem|p2a: Bronzong|Mental Herb
|-end|p2a: Bronzong|move: Taunt
|move|p2a: Bronzong|Stealth Rock|p1a: Terrakion
|-sidestart|p1: Trevelion|move: Stealth Rock
|
|upkeep
|turn|2
|
|t:|1718052121
|switch|p2a: Jellicent|Jellicent, M|100/100
|-item|p2a: Jellicent|Air Balloon
|move|p1a: Terrakion|Stealth Rock|p2a: Jellicent
|-sidestart|p2: affksl1|move: Stealth Rock
|
|upkeep
|turn|3
|inactive|affksl1 has 120 seconds left.
|
|t:|1718052153
|switch|p1a: Starmie|Starmie|100/100
|-damage|p1a: Starmie|88/100|[from] Stealth Rock
|-item|p1a: Starmie|Air Balloon
|move|p2a: Jellicent|Surf|p1a: Starmie
|-resisted|p1a: Starmie
|-damage|p1a: Starmie|58/100
|-enditem|p1a: Starmie|Air Balloon
|
|upkeep
|turn|4
|
|t:|1718052161
|move|p1a: Starmie|Thunder|p2a: Jellicent|[miss]
|-miss|p1a: Starmie|p2a: Jellicent
|move|p2a: Jellicent|Trick Room|p2a: Jellicent
|-fieldstart|move: Trick Room|[of] p2a: Jellicent
|
|upkeep
|turn|5
|
|t:|1718052167
|move|p2a: Jellicent|Shadow Ball|p1a: Starmie
|-supereffective|p1a: Starmie
|-damage|p1a: Starmie|0 fnt
|faint|p1a: Starmie
|
|upkeep
|
|t:|1718052171
|switch|p1a: Breloom|Breloom, M|100/100
|-damage|p1a: Breloom|94/100|[from] Stealth Rock
|turn|6
|
|t:|1718052185
|move|p2a: Jellicent|Ice Beam|p1a: Breloom
|-supereffective|p1a: Breloom
|-damage|p1a: Breloom|0 fnt
|faint|p1a: Breloom
|
|upkeep
|-message|Trevelion forfeited.
|
|win|affksl1
|raw|Trevelion's rating: 1393 &rarr; <strong>1374</strong><br />(-19 for losing)
|raw|affksl1's rating: 1417 &rarr; <strong>1436</strong><br />(+19 for winning)
|l|☆Trevelion
|player|p1|
