|j|☆deidara95
|j|☆MikeyTapsa
|player|p1|deidara95|102
|teamsize|p1|6
|player|p2|MikeyTapsa|194
|teamsize|p2|6
|gametype|singles
|gen|5
|tier|[Gen 5] OU
|rated||rule|Sleep Clause Mod: Limit one foe put to sleep
|rule|Species Clause: Limit one of each Pokémon
|rule|OHKO Clause: OHKO moves are banned
|rule|Moody Clause: Moody is banned
|rule|Evasion Moves Clause: Evasion moves are banned
|rule|Endless Battle Clause: Forcing endless battles is banned
|rule|HP Percentage Mod: HP is shown in percentages
|rule|Evasion Abilities Clause: Evasion abilities are banned
|rule|Baton Pass Clause: Limit one Baton Passer, can't pass Spe and other stats simultaneously
|rule|Swagger Clause: Swagger is banned
|clearpoke
|poke|p1|Garchomp, M|item
|poke|p1|Alakazam, M|item
|poke|p1|Tyranitar, F|item
|poke|p1|Latios, M|item
|poke|p1|Rotom-Wash|item
|poke|p1|Skarmory, F|item
|poke|p2|Victini|item
|poke|p2|Espeon, M|item
|poke|p2|Kyurem-Black|item
|poke|p2|Terrakion|item
|poke|p2|Ninetales, F|item
|poke|p2|Chansey, F|item
|teampreview
|inactive|Battle timer is ON: inactive players will automatically lose when time's up. (requested by MikeyTapsa)
|inactive|deidara95 has 135 seconds left.|
|start
|switch|p1a: Skarmory|Skarmory, F|100/100
|switch|p2a: Ninetales|Ninetales, F|100/100
|-weather|SunnyDay|[from] ability: Drought|[of] p2a: Ninetales
|turn|1
|inactive|MikeyTapsa has 135 seconds left.
|inactive|MikeyTapsa has 120 seconds left.
|inactive|MikeyTapsa has 105 seconds left.
|inactive|MikeyTapsa has 90 seconds left.|
|switch|p1a: Rotom|Rotom-Wash|100/100
|move|p2a: Ninetales|Will-O-Wisp|p1a: Rotom
|-status|p1a: Rotom|brn
|
|-weather|SunnyDay|[upkeep]
|-damage|p1a: Rotom|88/100 brn|[from] brn
|upkeep
|turn|2|
|switch|p1a: Tyranitar|Tyranitar, F|100/100
|-weather|Sandstorm|[from] ability: Sand Stream|[of] p1a: Tyranitar
|move|p2a: Ninetales|Solar Beam|p1a: Tyranitar|[still]
|-prepare|p2a: Ninetales|Solar Beam|p1a: Tyranitar
|
|-weather|Sandstorm|[upkeep]
|-damage|p2a: Ninetales|95/100|[from] sandstorm
|-heal|p2a: Ninetales|100/100|[from] item: Leftovers
|upkeep
|turn|3|
|move|p2a: Ninetales|Solar Beam|p1a: Tyranitar|[from]lockedmove
|-supereffective|p1a: Tyranitar
|-damage|p1a: Tyranitar|86/100
|move|p1a: Tyranitar|Crunch|p2a: Ninetales
|-damage|p2a: Ninetales|34/100
|
|-weather|Sandstorm|[upkeep]
|-damage|p2a: Ninetales|28/100|[from] sandstorm
|-heal|p2a: Ninetales|34/100|[from] item: Leftovers
|upkeep
|turn|4|
|-activate|p2a: Ninetales|move: Pursuit
|move|p1a: Tyranitar|Pursuit|p2a: Ninetales|[from]Pursuit
|-damage|p2a: Ninetales|0 fnt
|faint|p2a: Ninetales
|
|-weather|Sandstorm|[upkeep]
|upkeep
|-message|MikeyTapsa forfeited.
|
|win|deidara95
|l|☆MikeyTapsa
|raw|deidara95's rating: 1455 &rarr; <strong>1470</strong><br />(+15 for winning)
|raw|MikeyTapsa's rating: 1359 &rarr; <strong>1345</strong><br />(-14 for losing)
|j| cybre✪
|l| cybre✪
