|j|☆SK8HEAD
|j|☆Crimsonbacon38
|t:|1705945935
|gametype|singles
|player|p1|SK8HEAD|265|1464
|player|p2|Crimsonbacon38|266|1366
|teamsize|p1|6
|teamsize|p2|6
|gen|5
|tier|[Gen 5] OU
|rated|
|rule|Species Clause: Limit one of each Pokémon
|rule|OHKO Clause: OHKO moves are banned
|rule|Moody Clause: Moody is banned
|rule|Evasion Items Clause: Evasion items are banned
|rule|Evasion Moves Clause: Evasion moves are banned
|rule|Endless Battle Clause: Forcing endless battles is banned
|rule|HP Percentage Mod: HP is shown in percentages
|rule|Evasion Abilities Clause: Evasion abilities are banned
|rule|Sleep Moves Clause: Sleep-inducing moves are banned
|rule|Swagger Clause: Swagger is banned
|rule|Baton Pass Stat Clause: No Baton Passer may have a way to boost its stats
|clearpoke
|poke|p1|Mamoswine, M|item
|poke|p1|Latios, M|item
|poke|p1|Scizor, F|item
|poke|p1|Kyurem-Black|item
|poke|p1|Salamence, M|item
|poke|p1|Magnezone|item
|poke|p2|Politoed, F|item
|poke|p2|Ferrothorn, F|item
|poke|p2|Starmie|item
|poke|p2|Latios, M|item
|poke|p2|Keldeo|item
|poke|p2|Garchomp, F|item
|teampreview
|inactive|Battle timer is ON: inactive players will automatically lose when time's up. (requested by SK8HEAD)
|c|☆Crimsonbacon38|Bro your team is sheist af I dig it
|c|☆Crimsonbacon38|glhf
|c|☆SK8HEAD|u can get the paste dawg if u care
|
|t:|1705945979
|start
|switch|p1a: Mamoswine|Mamoswine, M|100/100
|switch|p2a: Politoed|Politoed, F|100/100
|-weather|RainDance|[from] ability: Drizzle|[of] p2a: Politoed
|turn|1
|
|t:|1705945983
|move|p1a: Mamoswine|Stealth Rock|p2a: Politoed
|-sidestart|p2: Crimsonbacon38|move: Stealth Rock
|move|p2a: Politoed|Scald|p1a: Mamoswine
|-supereffective|p1a: Mamoswine
|-crit|p1a: Mamoswine
|-enditem|p1a: Mamoswine|Focus Sash
|-damage|p1a: Mamoswine|1/100
|-status|p1a: Mamoswine|brn
|
|-weather|RainDance|[upkeep]
|-damage|p1a: Mamoswine|0 fnt|[from] brn
|faint|p1a: Mamoswine
|upkeep
|
|t:|1705945997
|switch|p1a: Magnezone|Magnezone|100/100
|turn|2
|
|t:|1705946019
|switch|p2a: Garchomp|Garchomp, F|100/100
|-damage|p2a: Garchomp|94/100|[from] Stealth Rock
|move|p1a: Magnezone|Flash Cannon|p2a: Garchomp
|-crit|p2a: Garchomp
|-damage|p2a: Garchomp|0 fnt
|faint|p2a: Garchomp
|
|-weather|RainDance|[upkeep]
|upkeep
|c|☆SK8HEAD|myb
|
|t:|1705946033
|switch|p2a: Keldeo|Keldeo|100/100
|-damage|p2a: Keldeo|94/100|[from] Stealth Rock
|turn|3
|
|t:|1705946037
|switch|p1a: Latios|Latios, M|100/100
|move|p2a: Keldeo|Hydro Pump|p1a: Latios
|-resisted|p1a: Latios
|-crit|p1a: Latios
|-damage|p1a: Latios|7/100
|
|-weather|RainDance|[upkeep]
|upkeep
|turn|4
|
|t:|1705946044
|switch|p2a: Ferrothorn|Ferrothorn, F|100/100
|-damage|p2a: Ferrothorn|94/100|[from] Stealth Rock
|move|p1a: Latios|Hidden Power|p2a: Ferrothorn
|-supereffective|p2a: Ferrothorn
|-damage|p2a: Ferrothorn|44/100
|
|-weather|RainDance|[upkeep]
|-heal|p2a: Ferrothorn|50/100|[from] item: Leftovers
|upkeep
|turn|5
|
|t:|1705946051
|move|p1a: Latios|Hidden Power|p2a: Ferrothorn
|-supereffective|p2a: Ferrothorn
|-damage|p2a: Ferrothorn|0 fnt
|faint|p2a: Ferrothorn
|
|-weather|RainDance|[upkeep]
|upkeep
|
|t:|1705946058
|switch|p2a: Starmie|Starmie|100/100
|-damage|p2a: Starmie|88/100|[from] Stealth Rock
|-item|p2a: Starmie|Air Balloon
|turn|6
|
|t:|1705946069
|move|p2a: Starmie|Ice Beam|p1a: Latios
|-supereffective|p1a: Latios
|-damage|p1a: Latios|0 fnt
|faint|p1a: Latios
|
|-weather|RainDance|[upkeep]
|upkeep
|
|t:|1705946082
|switch|p1a: Magnezone|Magnezone|100/100
|turn|7
|
|t:|1705946087
|move|p2a: Starmie|Hydro Pump|p1a: Magnezone
|-damage|p1a: Magnezone|5/100
|move|p1a: Magnezone|Volt Switch|p2a: Starmie
|-supereffective|p2a: Starmie
|-crit|p2a: Starmie
|-damage|p2a: Starmie|0 fnt
|-enditem|p2a: Starmie|Air Balloon
|faint|p2a: Starmie
|
|t:|1705946097
|switch|p1a: Salamence|Salamence, M|100/100|[from] Volt Switch
|
|-weather|RainDance|[upkeep]
|upkeep
|
|t:|1705946101
|switch|p2a: Keldeo|Keldeo|94/100
|-damage|p2a: Keldeo|88/100|[from] Stealth Rock
|turn|8
|
|t:|1705946104
|move|p2a: Keldeo|Hidden Power|p1a: Salamence
|-supereffective|p1a: Salamence
|-damage|p1a: Salamence|0 fnt
|faint|p1a: Salamence
|
|-weather|RainDance|[upkeep]
|upkeep
|c|☆SK8HEAD|ah shit
|c|☆SK8HEAD|i anticipated scarf on lati and specs keld
|
|t:|1705946129
|switch|p1a: Kyurem|Kyurem-Black|100/100
|-ability|p1a: Kyurem|Teravolt
|turn|9
|
|t:|1705946135
|switch|p2a: Politoed|Politoed, F|100/100
|-damage|p2a: Politoed|88/100|[from] Stealth Rock
|move|p1a: Kyurem|Fusion Bolt|p2a: Politoed
|-supereffective|p2a: Politoed
|-damage|p2a: Politoed|0 fnt
|faint|p2a: Politoed
|
|-weather|RainDance|[upkeep]
|upkeep
|
|t:|1705946142
|switch|p2a: Latios|Latios, M|100/100
|-damage|p2a: Latios|88/100|[from] Stealth Rock
|turn|10
|
|t:|1705946146
|switch|p1a: Magnezone|Magnezone|5/100
|move|p2a: Latios|Draco Meteor|p1a: Magnezone
|-resisted|p1a: Magnezone
|-damage|p1a: Magnezone|0 fnt
|-unboost|p2a: Latios|spa|2
|faint|p1a: Magnezone
|
|-weather|RainDance|[upkeep]
|upkeep
|
|t:|1705946150
|switch|p1a: Scizor|Scizor, F|100/100
|turn|11
|
|t:|1705946153
|move|p2a: Latios|Draco Meteor|p1a: Scizor|[miss]
|-miss|p2a: Latios|p1a: Scizor
|move|p1a: Scizor|Pursuit|p2a: Latios
|-supereffective|p2a: Latios
|-damage|p2a: Latios|0 fnt
|faint|p2a: Latios
|
|-weather|RainDance|[upkeep]
|upkeep
|
|t:|1705946155
|switch|p2a: Keldeo|Keldeo|88/100
|-damage|p2a: Keldeo|82/100|[from] Stealth Rock
|turn|12
|
|t:|1705946159
|move|p2a: Keldeo|Secret Sword|p1a: Scizor
|-damage|p1a: Scizor|53/100
|move|p1a: Scizor|Pursuit|p2a: Keldeo
|-resisted|p2a: Keldeo
|-damage|p2a: Keldeo|61/100
|-ability|p2a: Keldeo|Justified|boost
|-boost|p2a: Keldeo|atk|1
|
|-weather|RainDance|[upkeep]
|upkeep
|turn|13
|c|☆SK8HEAD|ggs
|
|t:|1705946165
|move|p2a: Keldeo|Secret Sword|p1a: Scizor
|-damage|p1a: Scizor|5/100
|move|p1a: Scizor|Pursuit|p2a: Keldeo
|-resisted|p2a: Keldeo
|-damage|p2a: Keldeo|41/100
|-ability|p2a: Keldeo|Justified|boost
|-boost|p2a: Keldeo|atk|1
|
|-weather|RainDance|[upkeep]
|upkeep
|turn|14
|
|t:|1705946168
|move|p2a: Keldeo|Secret Sword|p1a: Scizor
|-crit|p1a: Scizor
|-damage|p1a: Scizor|0 fnt
|faint|p1a: Scizor
|
|-weather|RainDance|[upkeep]
|upkeep
|
|t:|1705946171
|switch|p1a: Kyurem|Kyurem-Black|100/100
|-ability|p1a: Kyurem|Teravolt
|turn|15
|
|t:|1705946175
|move|p2a: Keldeo|Secret Sword|p1a: Kyurem
|-supereffective|p1a: Kyurem
|-crit|p1a: Kyurem
|-damage|p1a: Kyurem|0 fnt
|faint|p1a: Kyurem
|
|win|Crimsonbacon38
|raw|SK8HEAD's rating: 1464 &rarr; <strong>1439</strong><br />(-25 for losing)
|raw|Crimsonbacon38's rating: 1366 &rarr; <strong>1391</strong><br />(+25 for winning)
|c|☆SK8HEAD|lol
|c|☆Crimsonbacon38|Awesome maych
|c|☆Crimsonbacon38|Can I get that paste?
|c|☆SK8HEAD|that crit kinda left me baked
|c|☆SK8HEAD|ye sure
|c|☆SK8HEAD|https://pokepast.es/e2ad3287ec9f60fa
|c|☆Crimsonbacon38|You want this one? It’s good as a mf
|c|☆SK8HEAD|ye sure
|c|☆Crimsonbacon38|Bet gimme a min
|c|☆SK8HEAD|i mean i seen that build but ur plays were impeccable
|c|☆SK8HEAD|dont doubt the lati set on this, always bluffs max speed since no one anticipates modest lati
|c|☆Crimsonbacon38|I give modest Latios credit, you’re dropping giga nukes
|c|☆Crimsonbacon38|https://pokepast.es/848a8902e9e54dee
|c|☆Crimsonbacon38|band chomp is really fucking nice
|c|☆Crimsonbacon38|it breaks everything
|c|☆Crimsonbacon38|it pretty much ohkos tar with rage and eq
|c|☆SK8HEAD|band chomp is solid
|c|☆SK8HEAD|i aint have a team w it rn tho so i rlly appreciate tho
|c|☆Crimsonbacon38|Ofc
|c|☆SK8HEAD|was running band tar yesterday
|c|☆Crimsonbacon38|I LOVE band tar
|c|☆Crimsonbacon38|I run like 183 speed to outrun a couple other odds and ends,
|c|☆Crimsonbacon38|*couple odds and ends
|c|☆SK8HEAD|thats fair
|c|☆SK8HEAD|183 strange tho
|c|☆SK8HEAD|what exactly for
|c|☆Crimsonbacon38|but even the preset tar set just holding a band can get kills
|c|☆Crimsonbacon38|It’s uhh
|c|☆SK8HEAD|ye thats what i run
|c|☆SK8HEAD|preset + band + edge
|c|☆SK8HEAD|for like twave
|c|☆Crimsonbacon38|nah ion like edge. It misses too much.
|c|☆SK8HEAD|banded rock stab is kinda key
|c|☆SK8HEAD|otherwise he lando fodder
|c|☆SK8HEAD|unless u pred ice p
|c|☆Crimsonbacon38|Not really, you’d be surprised what it can do with rock slide or even t wave
|c|☆SK8HEAD|rock slide misses more than edge
|c|☆Crimsonbacon38|t wave is cool cuz you can have the opp thinking you’re not band, then you ohko their Reuni and they’re like :0
|c|☆SK8HEAD|just my op lmfao
|c|☆SK8HEAD|i mean dont u cook reun anyway
|c|☆Crimsonbacon38|yeah but band is an ohko
|c|☆Crimsonbacon38|same for jelli
|c|☆SK8HEAD|got 60d by jelli hail at 1500 today
|c|☆SK8HEAD|never recovered
|c|☆Crimsonbacon38|Oh noooo bro
|c|☆Crimsonbacon38|jelli hail is sheist
|c|☆Crimsonbacon38|are you on the bw cord?
|c|☆SK8HEAD|nah ion got cord
|c|☆Crimsonbacon38|word
|c|☆SK8HEAD|i barely play, just had a resurge lately
|c|☆Crimsonbacon38|well imma get rolling, I wanna keep this momentum up. You have a nice day man.
