|j|☆Darkininha
|j|☆BlueClothesHanger
|t:|1716233629
|gametype|singles
|player|p1|Darkininha|rocketgruntf|1313
|player|p2|BlueClothesHanger|barry|1345
|teamsize|p1|6
|teamsize|p2|6
|gen|5
|tier|[Gen 5] OU
|rated|
|rule|Species Clause: Limit one of each Pokémon
|rule|OHKO Clause: OHKO moves are banned
|rule|Moody Clause: Moody is banned
|rule|Evasion Items Clause: Evasion items are banned
|rule|Evasion Moves Clause: Evasion moves are banned
|rule|Endless Battle Clause: Forcing endless battles is banned
|rule|HP Percentage Mod: HP is shown in percentages
|rule|Evasion Abilities Clause: Evasion abilities are banned
|rule|Sleep Moves Clause: Sleep-inducing moves are banned
|rule|Swagger Clause: Swagger is banned
|rule|Baton Pass Stat Clause: No Baton Passer may have a way to boost its stats
|clearpoke
|poke|p1|Garchomp, F|item
|poke|p1|Keldeo|item
|poke|p1|Scizor, M|item
|poke|p1|Piloswine, M|item
|poke|p1|Latios, M|item
|poke|p1|Heracross, M|item
|poke|p2|Politoed, F|item
|poke|p2|Latios, M|item
|poke|p2|Keldeo|item
|poke|p2|Starmie|item
|poke|p2|Jirachi|item
|poke|p2|Thundurus-Therian, M|item
|teampreview
|inactive|Battle timer is ON: inactive players will automatically lose when time's up. (requested by Darkininha)
|
|t:|1716233643
|start
|switch|p1a: Latios|Latios, M|100/100
|switch|p2a: Politoed|Politoed, F|100/100
|-weather|RainDance|[from] ability: Drizzle|[of] p2a: Politoed
|turn|1
|
|t:|1716233647
|switch|p2a: Jirachi|Jirachi|100/100
|move|p1a: Latios|Light Screen|p1a: Latios
|-sidestart|p1: Darkininha|move: Light Screen
|
|-weather|RainDance|[upkeep]
|upkeep
|turn|2
|
|t:|1716233653
|move|p1a: Latios|Memento|p2a: Jirachi
|-unboost|p2a: Jirachi|atk|2
|-unboost|p2a: Jirachi|spa|2
|faint|p1a: Latios
|move|p2a: Jirachi|Stealth Rock|p1: Latios
|-sidestart|p1: Darkininha|move: Stealth Rock
|
|-weather|RainDance|[upkeep]
|upkeep
|
|t:|1716233669
|switch|p1a: Heracross|Heracross, M|100/100
|-damage|p1a: Heracross|88/100|[from] Stealth Rock
|turn|3
|
|t:|1716233676
|move|p2a: Jirachi|U-turn|p1a: Heracross
|-resisted|p1a: Heracross
|-damage|p1a: Heracross|84/100
|
|t:|1716233692
|switch|p2a: Politoed|Politoed, F|100/100|[from] U-turn
|move|p1a: Heracross|Swords Dance|p1a: Heracross
|-boost|p1a: Heracross|atk|2
|
|-weather|RainDance|[upkeep]
|upkeep
|turn|4
|
|t:|1716233697
|move|p2a: Politoed|Encore|p1a: Heracross
|-start|p1a: Heracross|Encore
|move|p1a: Heracross|Swords Dance|p1a: Heracross
|-boost|p1a: Heracross|atk|2
|
|-weather|RainDance|[upkeep]
|upkeep
|turn|5
|-message|Darkininha forfeited.
|
|win|BlueClothesHanger
|raw|Darkininha's rating: 1313 &rarr; <strong>1295</strong><br />(-18 for losing)
|raw|BlueClothesHanger's rating: 1345 &rarr; <strong>1363</strong><br />(+18 for winning)
|l|☆Darkininha
|player|p1|
