|j|‽For 4LOM
|j|☆xpeps_10
|t:|1746551695
|gametype|singles
|player|p1|For 4LOM|dawn-gen4pt|1452
|player|p2|xpeps_10|gentleman-gen4|1366
|teamsize|p1|6
|teamsize|p2|6
|gen|5
|tier|[Gen 5] OU
|rated|
|rule|Species Clause: Limit one of each Pokémon
|rule|OHKO Clause: OHKO moves are banned
|rule|Moody Clause: Moody is banned
|rule|Evasion Items Clause: Evasion items are banned
|rule|Evasion Moves Clause: Evasion moves are banned
|rule|Endless Battle Clause: Forcing endless battles is banned
|rule|HP Percentage Mod: HP is shown in percentages
|rule|Evasion Abilities Clause: Evasion abilities are banned
|rule|Sleep Moves Clause: Sleep-inducing moves are banned
|rule|Swagger Clause: Swagger is banned
|rule|Baton Pass Stat Clause: No Baton Passer may have a way to boost its stats
|clearpoke
|poke|p1|Celebi|item
|poke|p1|Excadrill, M|item
|poke|p1|Heatran, M|item
|poke|p1|Latios, M|item
|poke|p1|Scizor, F|item
|poke|p1|Rotom-Wash|item
|poke|p2|Politoed, F|item
|poke|p2|Thundurus-Therian, M|item
|poke|p2|Tentacruel, M|item
|poke|p2|Ferrothorn, F|item
|poke|p2|Landorus-Therian, M|item
|poke|p2|Alakazam, F|item
|teampreview
|inactive|Battle timer is ON: inactive players will automatically lose when time's up. (requested by xpeps_10)
|c|☆xpeps_10|Glhf
|
|t:|1746551706
|start
|switch|p1a: Latios|Latios, M|100/100
|switch|p2a: Landorus|Landorus-Therian, M|100/100
|-ability|p2a: Landorus|Intimidate|boost
|-unboost|p1a: Latios|atk|1
|turn|1
|
|t:|1746551714
|move|p2a: Landorus|U-turn|p1a: Latios
|-supereffective|p1a: Latios
|-crit|p1a: Latios
|-damage|p1a: Latios|0 fnt
|faint|p1a: Latios
|-message|For 4LOM forfeited.
|
|win|xpeps_10
|raw|For 4LOM's rating: 1452 &rarr; <strong>1427</strong><br />(-25 for losing)
|raw|xpeps_10's rating: 1366 &rarr; <strong>1391</strong><br />(+25 for winning)
|l|‽For 4LOM
|player|p1|
