|j|☆HydreigonSpammer
|j|☆chundee galaxy
|t:|1734906345
|gametype|singles
|player|p1|HydreigonSpammer|janitor|1410
|player|p2|chundee galaxy|alder|1415
|teamsize|p1|6
|teamsize|p2|6
|gen|5
|tier|[Gen 5] OU
|rated|
|rule|Species Clause: Limit one of each Pokémon
|rule|OHKO Clause: OHKO moves are banned
|rule|Moody Clause: Moody is banned
|rule|Evasion Items Clause: Evasion items are banned
|rule|Evasion Moves Clause: Evasion moves are banned
|rule|Endless Battle Clause: Forcing endless battles is banned
|rule|HP Percentage Mod: HP is shown in percentages
|rule|Evasion Abilities Clause: Evasion abilities are banned
|rule|Sleep Moves Clause: Sleep-inducing moves are banned
|rule|Swagger Clause: Swagger is banned
|rule|Baton Pass Stat Clause: No Baton Passer may have a way to boost its stats
|clearpoke
|poke|p1|Politoed, F|item
|poke|p1|Shedinja|item
|poke|p1|Tentacruel, F|item
|poke|p1|Latios, M|item
|poke|p1|Azumarill, M|item
|poke|p1|Keldeo|item
|poke|p2|Milotic, F|item
|poke|p2|Politoed, F|item
|poke|p2|Espeon, F|item
|poke|p2|Keldeo|item
|poke|p2|Scizor, M|item
|poke|p2|Terrakion|item
|teampreview
|inactive|Battle timer is ON: inactive players will automatically lose when time's up. (requested by HydreigonSpammer)
|
|t:|1734906389
|start
|switch|p1a: Politoed|Politoed, F|100/100
|switch|p2a: Espeon|Espeon, F|100/100
|-weather|RainDance|[from] ability: Drizzle|[of] p1a: Politoed
|turn|1
|
|t:|1734906399
|move|p2a: Espeon|Light Screen|p2a: Espeon
|-sidestart|p2: chundee galaxy|move: Light Screen
|move|p1a: Politoed|Scald|p2a: Espeon
|-crit|p2a: Espeon
|-damage|p2a: Espeon|12/100
|-status|p2a: Espeon|brn
|
|-weather|RainDance|[upkeep]
|-damage|p2a: Espeon|0 fnt|[from] brn
|faint|p2a: Espeon
|upkeep
|
|t:|1734906412
|switch|p2a: Keldeo|Keldeo|100/100
|turn|2
|
|t:|1734906430
|move|p2a: Keldeo|Calm Mind|p2a: Keldeo
|-boost|p2a: Keldeo|spa|1
|-boost|p2a: Keldeo|spd|1
|move|p1a: Politoed|Encore|p2a: Keldeo
|-start|p2a: Keldeo|Encore
|
|-weather|RainDance|[upkeep]
|upkeep
|turn|3
|
|t:|1734906442
|switch|p1a: Azumarill|Azumarill, M|100/100
|move|p2a: Keldeo|Calm Mind|p2a: Keldeo
|-boost|p2a: Keldeo|spa|1
|-boost|p2a: Keldeo|spd|1
|
|-weather|RainDance|[upkeep]
|upkeep
|turn|4
|
|t:|1734906451
|move|p2a: Keldeo|Calm Mind|p2a: Keldeo
|-boost|p2a: Keldeo|spa|1
|-boost|p2a: Keldeo|spd|1
|move|p1a: Azumarill|Waterfall|p2a: Keldeo
|-resisted|p2a: Keldeo
|-damage|p2a: Keldeo|32/100
|
|-weather|RainDance|[upkeep]
|-heal|p2a: Keldeo|38/100|[from] item: Leftovers
|upkeep
|turn|5
|
|t:|1734906462
|switch|p2a: Milotic|Milotic, F|100/100
|move|p1a: Azumarill|Waterfall|p2a: Milotic
|-resisted|p2a: Milotic
|-damage|p2a: Milotic|36/100
|
|-weather|RainDance|[upkeep]
|-heal|p2a: Milotic|42/100|[from] item: Leftovers
|upkeep
|turn|6
|-message|chundee galaxy forfeited.
|
|win|HydreigonSpammer
|raw|HydreigonSpammer's rating: 1410 &rarr; <strong>1430</strong><br />(+20 for winning)
|raw|chundee galaxy's rating: 1415 &rarr; <strong>1395</strong><br />(-20 for losing)
|l|☆chundee galaxy
|player|p2|
