|j|☆Bluey5413
|j|☆Tangyz
|t:|1743835489
|gametype|singles
|player|p1|Bluey5413|sabrina|1372
|player|p2|Tangyz|shadowtriad|1384
|teamsize|p1|6
|teamsize|p2|6
|gen|5
|tier|[Gen 5] OU
|rated|
|rule|Species Clause: Limit one of each Pokémon
|rule|OHKO Clause: OHKO moves are banned
|rule|Moody Clause: Moody is banned
|rule|Evasion Items Clause: Evasion items are banned
|rule|Evasion Moves Clause: Evasion moves are banned
|rule|Endless Battle Clause: Forcing endless battles is banned
|rule|HP Percentage Mod: HP is shown in percentages
|rule|Evasion Abilities Clause: Evasion abilities are banned
|rule|Sleep Moves Clause: Sleep-inducing moves are banned
|rule|Swagger Clause: Swagger is banned
|rule|Baton Pass Stat Clause: No Baton Passer may have a way to boost its stats
|clearpoke
|poke|p1|Abomasnow, M|item
|poke|p1|Kyurem-Black|item
|poke|p1|Magnezone|item
|poke|p1|Latios, M|item
|poke|p1|Jirachi|item
|poke|p1|Garchomp, M|item
|poke|p2|Politoed, M|item
|poke|p2|Latios, M|item
|poke|p2|Ferrothorn, F|item
|poke|p2|Keldeo|item
|poke|p2|Excadrill, M|item
|poke|p2|Thundurus-Therian, M|item
|teampreview
|inactive|Battle timer is ON: inactive players will automatically lose when time's up. (requested by Tangyz)
|inactive|Bluey5413 also wants the timer to be on.
|
|t:|1743835515
|start
|switch|p1a: lockheed martin|Latios, M|100/100
|switch|p2a: Latios|Latios, M, shiny|100/100
|turn|1
|
|t:|1743835528
|switch|p1a: nezha|Jirachi|100/100
|switch|p2a: Ferrothorn|Ferrothorn, F|100/100
|
|upkeep
|turn|2
|
|t:|1743835534
|switch|p2a: Thundurus|Thundurus-Therian, M, shiny|100/100
|move|p1a: nezha|Stealth Rock|p2a: Thundurus
|-sidestart|p2: Tangyz|move: Stealth Rock
|
|upkeep
|turn|3
|
|t:|1743835538
|move|p2a: Thundurus|Thunder|p1a: nezha
|-crit|p1a: nezha
|-damage|p1a: nezha|0 fnt
|faint|p1a: nezha
|
|upkeep
|
|t:|1743835547
|switch|p1a: i have earth power|Kyurem-Black|100/100
|-ability|p1a: i have earth power|Teravolt
|turn|4
|
|t:|1743835553
|move|p2a: Thundurus|Focus Blast|p1a: i have earth power
|-supereffective|p1a: i have earth power
|-damage|p1a: i have earth power|14/100
|move|p1a: i have earth power|Freeze Shock||[still]
|-prepare|p1a: i have earth power|Freeze Shock
|
|upkeep
|turn|5
|-message|Bluey5413 forfeited.
|
|win|Tangyz
|raw|Bluey5413's rating: 1372 &rarr; <strong>1353</strong><br />(-19 for losing)
|raw|Tangyz's rating: 1384 &rarr; <strong>1403</strong><br />(+19 for winning)
|l|☆Bluey5413
|player|p1|
