|j|☆CalamityGreed
|j|☆Wvwhwhwwhhw
|player|p1|CalamityGreed|acerola|1406
|player|p2|Wvwhwhwwhhw|101|1313
|teamsize|p1|6
|teamsize|p2|6
|gametype|singles
|gen|5
|tier|[Gen 5] OU
|rated|
|rule|Sleep Clause Mod: Limit one foe put to sleep
|rule|Species Clause: Limit one of each Pokémon
|rule|OHKO Clause: OHKO moves are banned
|rule|Moody Clause: Moody is banned
|rule|Evasion Moves Clause: Evasion moves are banned
|rule|Endless Battle Clause: Forcing endless battles is banned
|rule|HP Percentage Mod: HP is shown in percentages
|rule|Evasion Abilities Clause: Evasion abilities are banned
|rule|Baton Pass Clause: Limit one Baton Passer, can't pass Spe and other stats simultaneously
|rule|Swagger Clause: Swagger is banned
|clearpoke
|poke|p1|Politoed, M|item
|poke|p1|Jirachi|item
|poke|p1|Ferrothorn, F|item
|poke|p1|Tentacruel, M|item
|poke|p1|Latios, M|item
|poke|p1|Thundurus-Therian, M|item
|poke|p2|Dragonite, M|item
|poke|p2|Politoed, F|item
|poke|p2|Tentacruel, M|item
|poke|p2|Ferrothorn, M|item
|poke|p2|Gliscor, M|item
|poke|p2|Jellicent, M|item
|teampreview
|
|start
|switch|p1a: The Grateful Dead|Ferrothorn, F|100/100
|switch|p2a: Ferrothorn|Ferrothorn, M|100/100
|turn|1
|inactive|Battle timer is ON: inactive players will automatically lose when time's up. (requested by Wvwhwhwwhhw)
|
|move|p1a: The Grateful Dead|Stealth Rock|p2a: Ferrothorn
|-sidestart|p2: Wvwhwhwwhhw|move: Stealth Rock
|move|p2a: Ferrothorn|Stealth Rock|p1a: The Grateful Dead
|-sidestart|p1: CalamityGreed|move: Stealth Rock
|
|upkeep
|turn|2
|
|switch|p1a: Chariot Requiem|Jirachi|100/100
|-damage|p1a: Chariot Requiem|94/100|[from] Stealth Rock
|move|p2a: Ferrothorn|Spikes|p1a: Chariot Requiem
|-sidestart|p1: CalamityGreed|Spikes
|
|-heal|p1a: Chariot Requiem|100/100|[from] item: Leftovers
|upkeep
|turn|3
|
|switch|p2a: Gliscor|Gliscor, M|100/100
|-damage|p2a: Gliscor|88/100|[from] Stealth Rock
|move|p1a: Chariot Requiem|Substitute|p1a: Chariot Requiem
|-start|p1a: Chariot Requiem|Substitute
|-damage|p1a: Chariot Requiem|75/100
|
|-heal|p1a: Chariot Requiem|82/100|[from] item: Leftovers
|-status|p2a: Gliscor|tox|[from] item: Toxic Orb
|upkeep
|turn|4
|
|move|p1a: Chariot Requiem|Water Pulse|p2a: Gliscor
|-supereffective|p2a: Gliscor
|-damage|p2a: Gliscor|62/100 tox
|-start|p2a: Gliscor|confusion
|-activate|p2a: Gliscor|confusion
|-damage|p2a: Gliscor|54/100 tox|[from] confusion
|
|-heal|p1a: Chariot Requiem|88/100|[from] item: Leftovers
|-heal|p2a: Gliscor|67/100 tox|[from] ability: Poison Heal
|upkeep
|turn|5
|c|☆Wvwhwhwwhhw|Oh god.
|c|☆CalamityGreed|yes
|c|☆Wvwhwhwwhhw|I am sick of this game.
|c|☆Wvwhwhwwhhw|I only lose to hax.
|
|-activate|p2a: Gliscor|confusion
|-damage|p2a: Gliscor|59/100 tox|[from] confusion
|move|p1a: Chariot Requiem|Calm Mind|p1a: Chariot Requiem
|-boost|p1a: Chariot Requiem|spa|1
|-boost|p1a: Chariot Requiem|spd|1
|
|-heal|p1a: Chariot Requiem|94/100|[from] item: Leftovers
|-heal|p2a: Gliscor|72/100 tox|[from] ability: Poison Heal
|upkeep
|turn|6
|c|☆CalamityGreed|dude your mad about jirachi
|
|move|p1a: Chariot Requiem|Water Pulse|p2a: Gliscor
|-supereffective|p2a: Gliscor
|-damage|p2a: Gliscor|31/100 tox
|-activate|p2a: Gliscor|confusion
|-damage|p2a: Gliscor|25/100 tox|[from] confusion
|
|-heal|p1a: Chariot Requiem|99/100|[from] item: Leftovers
|-heal|p2a: Gliscor|37/100 tox|[from] ability: Poison Heal
|upkeep
|turn|7
|c|☆Wvwhwhwwhhw|No.
|c|☆Wvwhwhwwhhw|Itd becthis game
|c|☆Wvwhwhwwhhw|Look.
|c|☆Wvwhwhwwhhw|I hit myself 3 times.
|c|☆Wvwhwhwwhhw|Do you have pride?
|c|☆CalamityGreed|who ability is serene grass
|
|switch|p2a: Dragonite|Dragonite, M|100/100
|-damage|p2a: Dragonite|76/100|[from] Stealth Rock
|move|p1a: Chariot Requiem|Water Pulse|p2a: Dragonite
|-resisted|p2a: Dragonite
|-damage|p2a: Dragonite|62/100
|
|-heal|p1a: Chariot Requiem|100/100|[from] item: Leftovers
|upkeep
|turn|8
|c|☆CalamityGreed|grace
|
|move|p1a: Chariot Requiem|Thunder|p2a: Dragonite
|-damage|p2a: Dragonite|8/100
|move|p2a: Dragonite|Aqua Tail|p1a: Chariot Requiem
|-end|p1a: Chariot Requiem|Substitute
|-damage|p2a: Dragonite|0 fnt|[from] item: Life Orb
|faint|p2a: Dragonite
|
|upkeep
|c|☆Wvwhwhwwhhw|No.
|c|☆Wvwhwhwwhhw|Shut up
|inactive|Wvwhwhwwhhw has 120 seconds left.
|c|☆CalamityGreed|no you stfu
|c|☆Wvwhwhwwhhw|That doesnt cause me to hit myself 3 times
|c|☆Wvwhwhwwhhw|Dude
|c|☆Wvwhwhwwhhw|You
|c|☆Wvwhwhwwhhw|Are a
|c|☆Wvwhwhwwhhw|Luck queer
|c|☆Wvwhwhwwhhw|Abd once luck runs ou5
|c|☆Wvwhwhwwhhw|Out*
|inactive|Wvwhwhwwhhw has 90 seconds left.
|c|☆Wvwhwhwwhhw|Make sure you eat the entire RNG dick.
|c|☆CalamityGreed|do you know what serene grace does
|c|☆CalamityGreed|lol
|c|☆Wvwhwhwwhhw|May luck be the only way I lose.
|c|☆Wvwhwhwwhhw|I do.
|inactive|Wvwhwhwwhhw has 60 seconds left.
|c|☆Wvwhwhwwhhw|It doenst cause confusion to cause you to hit yourself
|c|☆Wvwhwhwwhhw|thats g
|c|☆Wvwhwhwwhhw|Is called luck
|c|☆Wvwhwhwwhhw|And yoy
|inactive|Wvwhwhwwhhw has 30 seconds left.
|c|☆Wvwhwhwwhhw|Are fucked deep by luck
|inactive|Wvwhwhwwhhw has 20 seconds left.
|-message|Wvwhwhwwhhw forfeited.
|
|win|CalamityGreed
|inactive|Wvwhwhwwhhw has 25 seconds left this turn.
|l|☆Wvwhwhwwhhw
|raw|CalamityGreed's rating: 1406 &rarr; <strong>1421</strong><br />(+15 for winning)
|raw|Wvwhwhwwhhw's rating: 1313 &rarr; <strong>1298</strong><br />(-15 for losing)
|l|☆CalamityGreed
|j|☆CalamityGreed
|player|p1|CalamityGreed|acerola
|l|☆CalamityGreed
|player|p1|
|j|☆CalamityGreed
|player|p1|CalamityGreed|acerola
