|j|☆Bratt Pid
|j|☆Concept of Wind
|player|p1|Bratt Pid|171
|teamsize|p1|6
|player|p2|Concept of Wind|78
|teamsize|p2|6
|gametype|singles
|gen|5
|tier|[Gen 5] OU
|rated||rule|Sleep Clause Mod: Limit one foe put to sleep
|rule|Species Clause: Limit one of each Pokémon
|rule|OHKO Clause: OHKO moves are banned
|rule|Moody Clause: Moody is banned
|rule|Evasion Moves Clause: Evasion moves are banned
|rule|Endless Battle Clause: Forcing endless battles is banned
|rule|HP Percentage Mod: HP is shown in percentages
|rule|Evasion Abilities Clause: Evasion abilities are banned
|rule|Baton Pass Clause: Limit one Baton Passer, can't pass Spe and other stats simultaneously
|rule|Swagger Clause: Swagger is banned
|clearpoke
|poke|p1|Starmie|item
|poke|p1|Garchomp, F|item
|poke|p1|Breloom, F|item
|poke|p1|Volcarona, F|item
|poke|p1|Dragonite, M|item
|poke|p1|Jirachi|item
|poke|p2|Tyranitar, F|item
|poke|p2|Skarmory, M|item
|poke|p2|Amoonguss, M|item
|poke|p2|Latios, M|item
|poke|p2|Garchomp, M|item
|poke|p2|Mienshao, M|item
|teampreview
|inactive|Battle timer is ON: inactive players will automatically lose when time's up. (requested by Concept of Wind)
|inactive|Bratt Pid also wants the timer to be on.|
|start
|switch|p1a: Breloom|Breloom, F|100/100
|switch|p2a: Mienshao|Mienshao, M|100/100
|turn|1|
|switch|p1a: Garchomp|Garchomp, F|100/100
|move|p2a: Mienshao|U-turn|p1a: Garchomp
|-damage|p1a: Garchomp|84/100
|-damage|p2a: Mienshao|88/100|[from] ability: Rough Skin|[of] p1a: Garchomp
|-damage|p2a: Mienshao|72/100|[from] item: Rocky Helmet|[of] p1a: Garchomp|
|switch|p2a: Latios|Latios, M|100/100
|
|upkeep
|turn|2|
|move|p2a: Latios|Draco Meteor|p1a: Garchomp
|-supereffective|p1a: Garchomp
|-crit|p1a: Garchomp
|-damage|p1a: Garchomp|0 fnt
|-unboost|p2a: Latios|spa|2
|faint|p1a: Garchomp
|
|upkeep
|c|☆Bratt Pid|who does that|
|switch|p1a: Jirachi|Jirachi|100/100
|turn|3|
|switch|p2a: Tyranitar|Tyranitar, F|100/100
|-weather|Sandstorm|[from] ability: Sand Stream|[of] p2a: Tyranitar
|move|p1a: Jirachi|U-turn|p2a: Tyranitar
|-supereffective|p2a: Tyranitar
|-damage|p2a: Tyranitar|61/100
|inactive|Bratt Pid has 135 seconds left.
|inactive|Bratt Pid has 120 seconds left.
|inactive|Bratt Pid has 105 seconds left.
|inactive|Bratt Pid has 90 seconds left.
|inactive|Bratt Pid has 75 seconds left.
|inactive|Bratt Pid has 60 seconds left.|
|switch|p1a: Breloom|Breloom, F|100/100
|
|-weather|Sandstorm|[upkeep]
|-damage|p1a: Breloom|94/100|[from] sandstorm
|upkeep
|turn|4|
|switch|p2a: Amoonguss|Amoonguss, M, shiny|100/100
|move|p1a: Breloom|Spore|p2a: Amoonguss
|-status|p2a: Amoonguss|slp
|
|-weather|Sandstorm|[upkeep]
|-damage|p1a: Breloom|88/100|[from] sandstorm
|-damage|p2a: Amoonguss|94/100 slp|[from] sandstorm
|-heal|p2a: Amoonguss|100/100 slp|[from] item: Black Sludge
|upkeep
|turn|5
|inactive|Concept of Wind has 135 seconds left.|
|switch|p2a: Latios|Latios, M|100/100
|move|p1a: Breloom|Low Sweep|p2a: Latios
|-resisted|p2a: Latios
|-damage|p2a: Latios|55/100
|-unboost|p2a: Latios|spe|1
|-damage|p1a: Breloom|78/100|[from] item: Life Orb
|
|-weather|Sandstorm|[upkeep]
|-damage|p1a: Breloom|72/100|[from] sandstorm
|-damage|p2a: Latios|49/100|[from] sandstorm
|upkeep
|turn|6
|inactive|Bratt Pid has 135 seconds left.
|inactive|Concept of Wind has 135 seconds left.
|inactive|Bratt Pid has 120 seconds left.|
|switch|p2a: Skarmory|Skarmory, M|100/100
|move|p1a: Breloom|Bullet Seed|p2a: Skarmory
|-resisted|p2a: Skarmory
|-damage|p2a: Skarmory|95/100
|-resisted|p2a: Skarmory
|-damage|p2a: Skarmory|90/100
|-resisted|p2a: Skarmory
|-damage|p2a: Skarmory|85/100
|-hitcount|p2a: Skarmory|3
|-damage|p1a: Breloom|62/100|[from] item: Life Orb
|
|-weather|Sandstorm|[upkeep]
|-damage|p1a: Breloom|56/100|[from] sandstorm
|-heal|p2a: Skarmory|91/100|[from] item: Leftovers
|upkeep
|turn|7
|inactive|Bratt Pid has 135 seconds left.|
|switch|p1a: Starmie|Starmie|100/100
|move|p2a: Skarmory|Spikes|p1a: Starmie
|-sidestart|p1: Bratt Pid|Spikes
|
|-weather|Sandstorm|[upkeep]
|-damage|p1a: Starmie|94/100|[from] sandstorm
|-heal|p2a: Skarmory|97/100|[from] item: Leftovers
|upkeep
|turn|8
|inactive|Concept of Wind has 135 seconds left.
|inactive|Concept of Wind has 120 seconds left.|
|switch|p2a: Mienshao|Mienshao, M|100/100
|move|p1a: Starmie|Hydro Pump|p2a: Mienshao
|-damage|p2a: Mienshao|0 fnt
|-damage|p1a: Starmie|84/100|[from] item: Life Orb
|faint|p2a: Mienshao
|
|-weather|Sandstorm|[upkeep]
|-damage|p1a: Starmie|78/100|[from] sandstorm
|upkeep|
|switch|p2a: Tyranitar|Tyranitar, F|61/100
|turn|9
|inactive|Bratt Pid has 135 seconds left.|
|move|p1a: Starmie|Hydro Pump|p2a: Tyranitar
|-supereffective|p2a: Tyranitar
|-damage|p2a: Tyranitar|0 fnt
|-damage|p1a: Starmie|68/100|[from] item: Life Orb
|faint|p2a: Tyranitar
|
|-weather|Sandstorm|[upkeep]
|-damage|p1a: Starmie|62/100|[from] sandstorm
|upkeep
|-message|Concept of Wind forfeited.
|
|win|Bratt Pid
|l|☆Concept of Wind
|raw|Bratt Pid's rating: 1418 &rarr; <strong>1433</strong><br />(+15 for winning)
|raw|Concept of Wind's rating: 1330 &rarr; <strong>1315</strong><br />(-15 for losing)
